<?xml version="1.0" encoding="UTF-8"?>
<!-- Generated by org.testng.reporters.JUnitXMLReporter -->
<testsuite ignored="0" hostname="HMS-LP-N-30" failures="1" tests="5" name="Test" time="50.891" errors="0" timestamp="2024-12-05T12:06:16 IST">
  <testcase classname="testCases.TC003_LoginDDT" name="verify_loginDDT" time="3.342"/>
  <testcase classname="testCases.TC003_LoginDDT" name="verify_loginDDT" time="12.323"/>
  <testcase classname="testCases.TC003_LoginDDT" name="verify_loginDDT" time="12.17"/>
  <testcase classname="testCases.TC003_LoginDDT" name="verify_loginDDT" time="11.836"/>
  <testcase classname="testCases.TC003_LoginDDT" name="verify_loginDDT" time="2.663">
    <failure type="java.lang.AssertionError" message="expected [true] but found [false]">
      <![CDATA[java.lang.AssertionError: expected [true] but found [false]
at testCases.TC003_LoginDDT.verify_loginDDT(TC003_LoginDDT.java:57)
at java.base/java.util.ArrayList.forEach(ArrayList.java:1597)
... Removed 29 stack frames]]>
    </failure>
  </testcase> <!-- verify_loginDDT -->
</testsuite> <!-- Test -->
